h:\c++workspace\imbalancedkeypoints\imbalancedkeypoints\x64\debug\vc140.pdb
h:\c++workspace\imbalancedkeypoints\imbalancedkeypoints\x64\debug\instructionprocessorappend.obj
h:\c++workspace\imbalancedkeypoints\imbalancedkeypoints\x64\debug\instructionprocess.obj
h:\c++workspace\imbalancedkeypoints\imbalancedkeypoints\x64\debug\instructioncategorysubdivide.obj
h:\c++workspace\imbalancedkeypoints\imbalancedkeypoints\x64\debug\instructioncategoryshowstatus.obj
h:\c++workspace\imbalancedkeypoints\imbalancedkeypoints\x64\debug\instructioncategorymeshsurfacefit.obj
h:\c++workspace\imbalancedkeypoints\imbalancedkeypoints\x64\debug\instructioncategorymatch.obj
h:\c++workspace\imbalancedkeypoints\imbalancedkeypoints\x64\debug\instructioncategoryload.obj
h:\c++workspace\imbalancedkeypoints\imbalancedkeypoints\x64\debug\instructioncategoryinit.obj
h:\c++workspace\imbalancedkeypoints\imbalancedkeypoints\x64\debug\instructioncategoryexit.obj
h:\c++workspace\imbalancedkeypoints\imbalancedkeypoints\x64\debug\instructioncategorydetect.obj
h:\c++workspace\imbalancedkeypoints\imbalancedkeypoints\x64\debug\instructioncategoryconnect.obj
h:\c++workspace\imbalancedkeypoints\imbalancedkeypoints\x64\debug\instructioncategoryclear.obj
h:\c++workspace\imbalancedkeypoints\imbalancedkeypoints\x64\debug\instructioncategorychangecolor.obj
h:\c++workspace\imbalancedkeypoints\imbalancedkeypoints\x64\debug\instructioncategorycellular.obj
h:\c++workspace\imbalancedkeypoints\imbalancedkeypoints\x64\debug\getstatus.obj
h:\c++workspace\imbalancedkeypoints\imbalancedkeypoints\x64\debug\moc_meshloader.obj
h:\c++workspace\imbalancedkeypoints\imbalancedkeypoints\x64\debug\connection.obj
h:\c++workspace\imbalancedkeypoints\imbalancedkeypoints\x64\debug\colorchange.obj
h:\c++workspace\imbalancedkeypoints\imbalancedkeypoints\x64\debug\cloudloader.obj
h:\c++workspace\imbalancedkeypoints\imbalancedkeypoints\x64\debug\camerasynchronization.obj
h:\c++workspace\imbalancedkeypoints\imbalancedkeypoints\x64\debug\returnmsgcategorymatch.obj
h:\c++workspace\imbalancedkeypoints\imbalancedkeypoints\x64\debug\returnmsgcategoryload.obj
h:\c++workspace\imbalancedkeypoints\imbalancedkeypoints\x64\debug\returnmsgcategoryinit.obj
h:\c++workspace\imbalancedkeypoints\imbalancedkeypoints\x64\debug\returnmsgcategoryexit.obj
h:\c++workspace\imbalancedkeypoints\imbalancedkeypoints\x64\debug\returnmsgcategorydetect.obj
h:\c++workspace\imbalancedkeypoints\imbalancedkeypoints\x64\debug\returnmsgcategoryconnect.obj
h:\c++workspace\imbalancedkeypoints\imbalancedkeypoints\x64\debug\returnmsgcategoryclear.obj
h:\c++workspace\imbalancedkeypoints\imbalancedkeypoints\x64\debug\returnmsgcategorychangecolor.obj
h:\c++workspace\imbalancedkeypoints\imbalancedkeypoints\x64\debug\returnmsgcategorycellular.obj
h:\c++workspace\imbalancedkeypoints\imbalancedkeypoints\x64\debug\returnmsg.obj
h:\c++workspace\imbalancedkeypoints\imbalancedkeypoints\x64\debug\pointpickup.obj
h:\c++workspace\imbalancedkeypoints\imbalancedkeypoints\x64\debug\main.obj
h:\c++workspace\imbalancedkeypoints\imbalancedkeypoints\x64\debug\loaddata.obj
h:\c++workspace\imbalancedkeypoints\imbalancedkeypoints\x64\debug\instructionprocessor.obj
h:\c++workspace\imbalancedkeypoints\imbalancedkeypoints\x64\debug\initialization.obj
h:\c++workspace\imbalancedkeypoints\imbalancedkeypoints\x64\debug\imbalancedkeypoints.obj
h:\c++workspace\imbalancedkeypoints\imbalancedkeypoints\x64\debug\moc_instructionprocessor.obj
h:\c++workspace\imbalancedkeypoints\imbalancedkeypoints\x64\debug\moc_imbalancedkeypoints.obj
h:\c++workspace\imbalancedkeypoints\imbalancedkeypoints\x64\debug\eventfilter.obj
h:\c++workspace\imbalancedkeypoints\imbalancedkeypoints\x64\debug\meshloader.obj
h:\c++workspace\imbalancedkeypoints\imbalancedkeypoints\x64\debug\slotfunction.obj
h:\c++workspace\imbalancedkeypoints\imbalancedkeypoints\x64\debug\returnmsgprocess.obj
h:\c++workspace\imbalancedkeypoints\imbalancedkeypoints\x64\debug\returnmsgcategoryuserdefine.obj
h:\c++workspace\imbalancedkeypoints\imbalancedkeypoints\x64\debug\returnmsgcategoryunknown.obj
h:\c++workspace\imbalancedkeypoints\imbalancedkeypoints\x64\debug\returnmsgcategorytest.obj
h:\c++workspace\imbalancedkeypoints\imbalancedkeypoints\x64\debug\returnmsgcategorysubdivide.obj
h:\c++workspace\imbalancedkeypoints\imbalancedkeypoints\x64\debug\returnmsgcategoryshowstatus.obj
h:\c++workspace\imbalancedkeypoints\imbalancedkeypoints\x64\debug\returnmsgcategoryrerror.obj
h:\c++workspace\imbalancedkeypoints\imbalancedkeypoints\x64\debug\returnmsgcategorymeshsurfacefit.obj
h:\c++workspace\imbalancedkeypoints\imbalancedkeypoints\x64\debug\qrc_imbalancedkeypoints.obj
h:\c++workspace\imbalancedkeypoints\imbalancedkeypoints\generatedfiles\debug\moc_imbalancedkeypoints.cpp
h:\c++workspace\imbalancedkeypoints\imbalancedkeypoints\generatedfiles\ui_imbalancedkeypoints.h
h:\c++workspace\imbalancedkeypoints\imbalancedkeypoints\generatedfiles\debug\moc_meshloader.cpp
h:\c++workspace\imbalancedkeypoints\imbalancedkeypoints\generatedfiles\debug\moc_cloudloader.cpp
h:\c++workspace\imbalancedkeypoints\imbalancedkeypoints\generatedfiles\debug\moc_instructionprocessor.cpp
h:\c++workspace\imbalancedkeypoints\imbalancedkeypoints\generatedfiles\qrc_imbalancedkeypoints.cpp
h:\c++workspace\imbalancedkeypoints\x64\debug\imbalancedkeypoints.ilk
h:\c++workspace\imbalancedkeypoints\x64\debug\imbalancedkeypoints.exe
h:\c++workspace\imbalancedkeypoints\x64\debug\imbalancedkeypoints.pdb
h:\c++workspace\imbalancedkeypoints\imbalancedkeypoints\x64\debug\imbalancedkeypoints.vcxprojresolveassemblyreference.cache
h:\c++workspace\imbalancedkeypoints\imbalancedkeypoints\x64\debug\imbalanc.b12702ad.tlog\cl.command.1.tlog
h:\c++workspace\imbalancedkeypoints\imbalancedkeypoints\x64\debug\imbalanc.b12702ad.tlog\cl.read.1.tlog
h:\c++workspace\imbalancedkeypoints\imbalancedkeypoints\x64\debug\imbalanc.b12702ad.tlog\cl.write.1.tlog
h:\c++workspace\imbalancedkeypoints\imbalancedkeypoints\x64\debug\imbalanc.b12702ad.tlog\custombuild.command.1.tlog
h:\c++workspace\imbalancedkeypoints\imbalancedkeypoints\x64\debug\imbalanc.b12702ad.tlog\custombuild.read.1.tlog
h:\c++workspace\imbalancedkeypoints\imbalancedkeypoints\x64\debug\imbalanc.b12702ad.tlog\custombuild.write.1.tlog
h:\c++workspace\imbalancedkeypoints\imbalancedkeypoints\x64\debug\imbalanc.b12702ad.tlog\link.command.1.tlog
h:\c++workspace\imbalancedkeypoints\imbalancedkeypoints\x64\debug\imbalanc.b12702ad.tlog\link.read.1.tlog
h:\c++workspace\imbalancedkeypoints\imbalancedkeypoints\x64\debug\imbalanc.b12702ad.tlog\link.write.1.tlog
