This is pdfTeX, Version 3.14159265-2.6-1.40.18 (MiKTeX 2.9.6350 64-bit) (preloaded format=pdflatex 2017.7.24)  30 SEP 2017 11:39
entering extended mode
**./bibe_final.tex
(bibe_final.tex
LaTeX2e <2017-04-15>
Babel <3.10> and hyphenation patterns for 75 language(s) loaded.
(C:\Users\jingy\AppData\Roaming\MiKTeX\2.9\tex\latex\ieeetran\IEEEtran.cls
Document Class: IEEEtran 2015/08/26 V1.8b by Michael Shell
-- See the "IEEEtran_HOWTO" manual for usage information.
-- http://www.michaelshell.org/tex/ieeetran/
\@IEEEtrantmpdimenA=\dimen102
\@IEEEtrantmpdimenB=\dimen103
\@IEEEtrantmpdimenC=\dimen104
\@IEEEtrantmpcountA=\count79
\@IEEEtrantmpcountB=\count80
\@IEEEtrantmpcountC=\count81
\@IEEEtrantmptoksA=\toks14
LaTeX Font Info:    Try loading font information for OT1+ptm on input line 503.

("C:\Program Files\MiKTeX 2.9\tex\latex\psnfss\ot1ptm.fd"
File: ot1ptm.fd 2001/06/04 font definitions for OT1/ptm.
)
-- Using 8.5in x 11in (letter) paper.
-- Using PDF output.
\@IEEEnormalsizeunitybaselineskip=\dimen105
-- This is a 10 point document.
\CLASSINFOnormalsizebaselineskip=\dimen106
\CLASSINFOnormalsizeunitybaselineskip=\dimen107
\IEEEnormaljot=\dimen108
LaTeX Font Info:    Font shape `OT1/ptm/bx/n' in size <5> not available
(Font)              Font shape `OT1/ptm/b/n' tried instead on input line 1090.
LaTeX Font Info:    Font shape `OT1/ptm/bx/it' in size <5> not available
(Font)              Font shape `OT1/ptm/b/it' tried instead on input line 1090.

LaTeX Font Info:    Font shape `OT1/ptm/bx/n' in size <7> not available
(Font)              Font shape `OT1/ptm/b/n' tried instead on input line 1090.
LaTeX Font Info:    Font shape `OT1/ptm/bx/it' in size <7> not available
(Font)              Font shape `OT1/ptm/b/it' tried instead on input line 1090.

LaTeX Font Info:    Font shape `OT1/ptm/bx/n' in size <8> not available
(Font)              Font shape `OT1/ptm/b/n' tried instead on input line 1090.
LaTeX Font Info:    Font shape `OT1/ptm/bx/it' in size <8> not available
(Font)              Font shape `OT1/ptm/b/it' tried instead on input line 1090.

LaTeX Font Info:    Font shape `OT1/ptm/bx/n' in size <9> not available
(Font)              Font shape `OT1/ptm/b/n' tried instead on input line 1090.
LaTeX Font Info:    Font shape `OT1/ptm/bx/it' in size <9> not available
(Font)              Font shape `OT1/ptm/b/it' tried instead on input line 1090.

LaTeX Font Info:    Font shape `OT1/ptm/bx/n' in size <10> not available
(Font)              Font shape `OT1/ptm/b/n' tried instead on input line 1090.
LaTeX Font Info:    Font shape `OT1/ptm/bx/it' in size <10> not available
(Font)              Font shape `OT1/ptm/b/it' tried instead on input line 1090.

LaTeX Font Info:    Font shape `OT1/ptm/bx/n' in size <11> not available
(Font)              Font shape `OT1/ptm/b/n' tried instead on input line 1090.
LaTeX Font Info:    Font shape `OT1/ptm/bx/it' in size <11> not available
(Font)              Font shape `OT1/ptm/b/it' tried instead on input line 1090.

LaTeX Font Info:    Font shape `OT1/ptm/bx/n' in size <12> not available
(Font)              Font shape `OT1/ptm/b/n' tried instead on input line 1090.
LaTeX Font Info:    Font shape `OT1/ptm/bx/it' in size <12> not available
(Font)              Font shape `OT1/ptm/b/it' tried instead on input line 1090.

LaTeX Font Info:    Font shape `OT1/ptm/bx/n' in size <17> not available
(Font)              Font shape `OT1/ptm/b/n' tried instead on input line 1090.
LaTeX Font Info:    Font shape `OT1/ptm/bx/it' in size <17> not available
(Font)              Font shape `OT1/ptm/b/it' tried instead on input line 1090.

LaTeX Font Info:    Font shape `OT1/ptm/bx/n' in size <20> not available
(Font)              Font shape `OT1/ptm/b/n' tried instead on input line 1090.
LaTeX Font Info:    Font shape `OT1/ptm/bx/it' in size <20> not available
(Font)              Font shape `OT1/ptm/b/it' tried instead on input line 1090.

LaTeX Font Info:    Font shape `OT1/ptm/bx/n' in size <24> not available
(Font)              Font shape `OT1/ptm/b/n' tried instead on input line 1090.
LaTeX Font Info:    Font shape `OT1/ptm/bx/it' in size <24> not available
(Font)              Font shape `OT1/ptm/b/it' tried instead on input line 1090.

\IEEEquantizedlength=\dimen109
\IEEEquantizedlengthdiff=\dimen110
\IEEEquantizedtextheightdiff=\dimen111
\IEEEilabelindentA=\dimen112
\IEEEilabelindentB=\dimen113
\IEEEilabelindent=\dimen114
\IEEEelabelindent=\dimen115
\IEEEdlabelindent=\dimen116
\IEEElabelindent=\dimen117
\IEEEiednormlabelsep=\dimen118
\IEEEiedmathlabelsep=\dimen119
\IEEEiedtopsep=\skip41
\c@section=\count82
\c@subsection=\count83
\c@subsubsection=\count84
\c@paragraph=\count85
\c@IEEEsubequation=\count86
\abovecaptionskip=\skip42
\belowcaptionskip=\skip43
\c@figure=\count87
\c@table=\count88
\@IEEEeqnnumcols=\count89
\@IEEEeqncolcnt=\count90
\@IEEEsubeqnnumrollback=\count91
\@IEEEquantizeheightA=\dimen120
\@IEEEquantizeheightB=\dimen121
\@IEEEquantizeheightC=\dimen122
\@IEEEquantizeprevdepth=\dimen123
\@IEEEquantizemultiple=\count92
\@IEEEquantizeboxA=\box26
\@IEEEtmpitemindent=\dimen124
\IEEEPARstartletwidth=\dimen125
\c@IEEEbiography=\count93
\@IEEEtranrubishbin=\box27
) (C:\Users\jingy\AppData\Roaming\MiKTeX\2.9\tex\latex\cite\cite.sty
LaTeX Info: Redefining \cite on input line 302.
LaTeX Info: Redefining \nocite on input line 332.
Package: cite 2015/02/27  v 5.5
)
("C:\Program Files\MiKTeX 2.9\tex\latex\graphics\graphicx.sty"
Package: graphicx 2014/10/28 v1.0g Enhanced LaTeX Graphics (DPC,SPQR)

("C:\Program Files\MiKTeX 2.9\tex\latex\graphics\keyval.sty"
Package: keyval 2014/10/28 v1.15 key=value parser (DPC)
\KV@toks@=\toks15
)
("C:\Program Files\MiKTeX 2.9\tex\latex\graphics\graphics.sty"
Package: graphics 2017/04/14 v1.1b Standard LaTeX Graphics (DPC,SPQR)

("C:\Program Files\MiKTeX 2.9\tex\latex\graphics\trig.sty"
Package: trig 2016/01/03 v1.10 sin cos tan (DPC)
)
("C:\Program Files\MiKTeX 2.9\tex\latex\graphics-cfg\graphics.cfg"
File: graphics.cfg 2016/06/04 v1.11 sample graphics configuration
)
Package graphics Info: Driver file: pdftex.def on input line 99.

("C:\Program Files\MiKTeX 2.9\tex\latex\graphics-def\pdftex.def"
File: pdftex.def 2017/01/12 v0.06k Graphics/color for pdfTeX

("C:\Program Files\MiKTeX 2.9\tex\generic\oberdiek\infwarerr.sty"
Package: infwarerr 2016/05/16 v1.4 Providing info/warning/error messages (HO)
)
("C:\Program Files\MiKTeX 2.9\tex\generic\oberdiek\ltxcmds.sty"
Package: ltxcmds 2016/05/16 v1.23 LaTeX kernel commands for general use (HO)
)
\Gread@gobject=\count94
))
\Gin@req@height=\dimen126
\Gin@req@width=\dimen127
)
("C:\Program Files\MiKTeX 2.9\tex\latex\amsmath\amsmath.sty"
Package: amsmath 2016/11/05 v2.16a AMS math features
\@mathmargin=\skip44

For additional information on amsmath, use the `?' option.
("C:\Program Files\MiKTeX 2.9\tex\latex\amsmath\amstext.sty"
Package: amstext 2000/06/29 v2.01 AMS text

("C:\Program Files\MiKTeX 2.9\tex\latex\amsmath\amsgen.sty"
File: amsgen.sty 1999/11/30 v2.0 generic functions
\@emptytoks=\toks16
\ex@=\dimen128
))
("C:\Program Files\MiKTeX 2.9\tex\latex\amsmath\amsbsy.sty"
Package: amsbsy 1999/11/29 v1.2d Bold Symbols
\pmbraise@=\dimen129
)
("C:\Program Files\MiKTeX 2.9\tex\latex\amsmath\amsopn.sty"
Package: amsopn 2016/03/08 v2.02 operator names
)
\inf@bad=\count95
LaTeX Info: Redefining \frac on input line 213.
\uproot@=\count96
\leftroot@=\count97
LaTeX Info: Redefining \overline on input line 375.
\classnum@=\count98
\DOTSCASE@=\count99
LaTeX Info: Redefining \ldots on input line 472.
LaTeX Info: Redefining \dots on input line 475.
LaTeX Info: Redefining \cdots on input line 596.
\Mathstrutbox@=\box28
\strutbox@=\box29
\big@size=\dimen130
LaTeX Font Info:    Redeclaring font encoding OML on input line 712.
LaTeX Font Info:    Redeclaring font encoding OMS on input line 713.
\macc@depth=\count100
\c@MaxMatrixCols=\count101
\dotsspace@=\muskip10
\c@parentequation=\count102
\dspbrk@lvl=\count103
\tag@help=\toks17
\row@=\count104
\column@=\count105
\maxfields@=\count106
\andhelp@=\toks18
\eqnshift@=\dimen131
\alignsep@=\dimen132
\tagshift@=\dimen133
\tagwidth@=\dimen134
\totwidth@=\dimen135
\lineht@=\dimen136
\@envbody=\toks19
\multlinegap=\skip45
\multlinetaggap=\skip46
\mathdisplay@stack=\toks20
LaTeX Info: Redefining \[ on input line 2817.
LaTeX Info: Redefining \] on input line 2818.
)
(C:\Users\jingy\AppData\Roaming\MiKTeX\2.9\tex\latex\algorithms\algorithmic.sty
Package: algorithmic 2009/08/24 v0.1 Document Style `algorithmic'
("C:\Program Files\MiKTeX 2.9\tex\latex\base\ifthen.sty"
Package: ifthen 2014/09/29 v1.1c Standard LaTeX ifthen package (DPC)
)
\c@ALC@unique=\count107
\c@ALC@line=\count108
\c@ALC@rem=\count109
\c@ALC@depth=\count110
\ALC@tlm=\skip47
\algorithmicindent=\skip48
)
(C:\Users\jingy\AppData\Roaming\MiKTeX\2.9\tex\latex\algorithms\algorithm.sty
Package: algorithm 2009/08/24 v0.1 Document Style `algorithm' - floating enviro
nment

("C:\Program Files\MiKTeX 2.9\tex\latex\float\float.sty"
Package: float 2001/11/08 v1.3d Float enhancements (AL)
\c@float@type=\count111
\float@exts=\toks21
\float@box=\box30
\@float@everytoks=\toks22
\@floatcapt=\box31
)
\@float@every@algorithm=\toks23
\c@algorithm=\count112
)
(C:\Users\jingy\AppData\Roaming\MiKTeX\2.9\tex\latex\subfigure\subfigure.sty
Package: subfigure 2002/07/30 v2.1.4 subfigure package
\subfigtopskip=\skip49
\subfigcapskip=\skip50
\subfigcaptopadj=\dimen137
\subfigbottomskip=\skip51
\subfigcapmargin=\dimen138
\subfiglabelskip=\skip52
\c@subfigure=\count113
\c@lofdepth=\count114
\c@subtable=\count115
\c@lotdepth=\count116

****************************************
* Local config file subfigure.cfg used *
****************************************
(C:\Users\jingy\AppData\Roaming\MiKTeX\2.9\tex\latex\subfigure\subfigure.cfg)
\subfig@top=\skip53
\subfig@bottom=\skip54
)
(C:\Users\jingy\AppData\Roaming\MiKTeX\2.9\tex\latex\caption\caption.sty
Package: caption 2016/02/21 v3.3-144 Customizing captions (AR)

(C:\Users\jingy\AppData\Roaming\MiKTeX\2.9\tex\latex\caption\caption3.sty
Package: caption3 2016/05/22 v1.7-166 caption3 kernel (AR)
Package caption3 Info: TeX engine: e-TeX on input line 67.
\captionmargin=\dimen139
\captionmargin@=\dimen140
\captionwidth=\dimen141
\caption@tempdima=\dimen142
\caption@indent=\dimen143
\caption@parindent=\dimen144
\caption@hangindent=\dimen145
Package caption Info: Unknown document class (or package),
(caption)             standard defaults will be used.
)

Package caption Warning: Unsupported document class (or package) detected,
(caption)                usage of the caption package is not recommended.
See the caption package documentation for explanation.

Package caption Info: \@makecaption = \long macro:#1#2->\ifx \@captype \@IEEEta
blestring \footnotesize \bgroup \par \centering \@IEEEtabletopskipstrut {\norma
lfont \footnotesize #1}\\{\normalfont \footnotesize \scshape #2}\par \addvspace
 {0.5\baselineskip }\egroup \@IEEEtablecaptionsepspace \else \@IEEEfigurecaptio
nsepspace \setbox \@tempboxa \hbox {\normalfont \footnotesize {#1.}\nobreakspac
e \nobreakspace #2}\ifdim \wd \@tempboxa >\hsize \setbox \@tempboxa \hbox {\nor
malfont \footnotesize {#1.}\nobreakspace \nobreakspace }\parbox [t]{\hsize }{\n
ormalfont \footnotesize \noindent \unhbox \@tempboxa #2}\else \ifCLASSOPTIONcon
ference \hbox to\hsize {\normalfont \footnotesize \hfil \box \@tempboxa \hfil }
\else \hbox to\hsize {\normalfont \footnotesize \box \@tempboxa \hfil }\fi \fi 
\fi .
\c@ContinuedFloat=\count117
Package caption Info: float package is loaded.
Package caption Info: subfigure package is loaded.
)

LaTeX Warning: Unused global option(s):
    [compsocconf].

(bibe_final.aux)
\openout1 = `bibe_final.aux'.

LaTeX Font Info:    Checking defaults for OML/cmm/m/it on input line 356.
LaTeX Font Info:    ... okay on input line 356.
LaTeX Font Info:    Checking defaults for T1/cmr/m/n on input line 356.
LaTeX Font Info:    ... okay on input line 356.
LaTeX Font Info:    Checking defaults for OT1/cmr/m/n on input line 356.
LaTeX Font Info:    ... okay on input line 356.
LaTeX Font Info:    Checking defaults for OMS/cmsy/m/n on input line 356.
LaTeX Font Info:    ... okay on input line 356.
LaTeX Font Info:    Checking defaults for OMX/cmex/m/n on input line 356.
LaTeX Font Info:    ... okay on input line 356.
LaTeX Font Info:    Checking defaults for U/cmr/m/n on input line 356.
LaTeX Font Info:    ... okay on input line 356.

-- Lines per column: 56 (exact).
(C:\Users\jingy\AppData\Roaming\MiKTeX\2.9\tex\context\base\supp-pdf.mkii
[Loading MPS to PDF converter (version 2006.09.02).]
\scratchcounter=\count118
\scratchdimen=\dimen146
\scratchbox=\box32
\nofMPsegments=\count119
\nofMParguments=\count120
\everyMPshowfont=\toks24
\MPscratchCnt=\count121
\MPscratchDim=\dimen147
\MPnumerator=\count122
\makeMPintoPDFobject=\count123
\everyMPtoPDFconversion=\toks25
) ("C:\Program Files\MiKTeX 2.9\tex\generic\oberdiek\pdftexcmds.sty"
Package: pdftexcmds 2017/03/19 v0.25 Utility functions of pdfTeX for LuaTeX (HO
)

("C:\Program Files\MiKTeX 2.9\tex\generic\oberdiek\ifluatex.sty"
Package: ifluatex 2016/05/16 v1.4 Provides the ifluatex switch (HO)
Package ifluatex Info: LuaTeX not detected.
)
("C:\Program Files\MiKTeX 2.9\tex\generic\oberdiek\ifpdf.sty"
Package: ifpdf 2017/03/15 v3.2 Provides the ifpdf switch
)
Package pdftexcmds Info: LuaTeX not detected.
Package pdftexcmds Info: \pdf@primitive is available.
Package pdftexcmds Info: \pdf@ifprimitive is available.
Package pdftexcmds Info: \pdfdraftmode found.
)
("C:\Program Files\MiKTeX 2.9\tex\latex\oberdiek\epstopdf-base.sty"
Package: epstopdf-base 2016/05/15 v2.6 Base part for package epstopdf

("C:\Program Files\MiKTeX 2.9\tex\latex\oberdiek\grfext.sty"
Package: grfext 2016/05/16 v1.2 Manage graphics extensions (HO)

("C:\Program Files\MiKTeX 2.9\tex\generic\oberdiek\kvdefinekeys.sty"
Package: kvdefinekeys 2016/05/16 v1.4 Define keys (HO)
))
("C:\Program Files\MiKTeX 2.9\tex\latex\oberdiek\kvoptions.sty"
Package: kvoptions 2016/05/16 v3.12 Key value format for package options (HO)

("C:\Program Files\MiKTeX 2.9\tex\generic\oberdiek\kvsetkeys.sty"
Package: kvsetkeys 2016/05/16 v1.17 Key value parser (HO)

("C:\Program Files\MiKTeX 2.9\tex\generic\oberdiek\etexcmds.sty"
Package: etexcmds 2016/05/16 v1.6 Avoid name clashes with e-TeX commands (HO)
Package etexcmds Info: Could not find \expanded.
(etexcmds)             That can mean that you are not using pdfTeX 1.50 or
(etexcmds)             that some package has redefined \expanded.
(etexcmds)             In the latter case, load this package earlier.
)))
Package epstopdf-base Info: Redefining graphics rule for `.eps' on input line 4
38.
Package grfext Info: Graphics extension search list:
(grfext)             [.png,.pdf,.jpg,.mps,.jpeg,.jbig2,.jb2,.PNG,.PDF,.JPG,.JPE
G,.JBIG2,.JB2,.eps]
(grfext)             \AppendGraphicsExtensions on input line 456.
)
Package caption Info: Begin \AtBeginDocument code.
Package caption Info: End \AtBeginDocument code.
LaTeX Font Info:    Calculating math sizes for size <11> on input line 418.
LaTeX Font Info:    External font `cmex10' loaded for size
(Font)              <11> on input line 418.
LaTeX Font Info:    External font `cmex10' loaded for size
(Font)              <7.69997> on input line 418.
LaTeX Font Info:    External font `cmex10' loaded for size
(Font)              <5.5> on input line 418.
LaTeX Font Info:    External font `cmex10' loaded for size
(Font)              <7> on input line 418.
LaTeX Font Info:    External font `cmex10' loaded for size
(Font)              <5> on input line 418.

<./Figure/octahedron/original-.png, id=1, 350.05782pt x 350.05782pt>
File: ./Figure/octahedron/original-.png Graphic file (type png)

<use ./Figure/octahedron/original-.png>
Package pdftex.def Info: ./Figure/octahedron/original-.png used on input line 4
59.
(pdftex.def)             Requested size: 103.19843pt x 103.19672pt.

<./Figure/octahedron/original.png, id=3, 350.05782pt x 350.05782pt>
File: ./Figure/octahedron/original.png Graphic file (type png)

<use ./Figure/octahedron/original.png>
Package pdftex.def Info: ./Figure/octahedron/original.png used on input line 45
9.
(pdftex.def)             Requested size: 103.19843pt x 103.19672pt.

<./Figure/octahedron/butterfly-.png, id=4, 350.05782pt x 350.05782pt>
File: ./Figure/octahedron/butterfly-.png Graphic file (type png)

<use ./Figure/octahedron/butterfly-.png>
Package pdftex.def Info: ./Figure/octahedron/butterfly-.png used on input line 
467.
(pdftex.def)             Requested size: 103.19843pt x 103.19672pt.

<./Figure/octahedron/butterfly.png, id=5, 350.05782pt x 350.05782pt>
File: ./Figure/octahedron/butterfly.png Graphic file (type png)

<use ./Figure/octahedron/butterfly.png>
Package pdftex.def Info: ./Figure/octahedron/butterfly.png used on input line 4
67.
(pdftex.def)             Requested size: 103.19843pt x 103.19672pt.

<./Figure/octahedron/loop-.png, id=6, 350.05782pt x 350.05782pt>
File: ./Figure/octahedron/loop-.png Graphic file (type png)

<use ./Figure/octahedron/loop-.png>
Package pdftex.def Info: ./Figure/octahedron/loop-.png used on input line 475.
(pdftex.def)             Requested size: 103.19843pt x 103.19672pt.

<./Figure/octahedron/loop.png, id=7, 350.05782pt x 350.05782pt>
File: ./Figure/octahedron/loop.png Graphic file (type png)

<use ./Figure/octahedron/loop.png>
Package pdftex.def Info: ./Figure/octahedron/loop.png used on input line 475.
(pdftex.def)             Requested size: 103.19843pt x 103.19672pt.

<./Figure/octahedron/catmull-.png, id=8, 350.05782pt x 350.05782pt>
File: ./Figure/octahedron/catmull-.png Graphic file (type png)

<use ./Figure/octahedron/catmull-.png>
Package pdftex.def Info: ./Figure/octahedron/catmull-.png used on input line 48
3.
(pdftex.def)             Requested size: 103.19843pt x 103.19672pt.

<./Figure/octahedron/catmull.png, id=9, 350.05782pt x 350.05782pt>
File: ./Figure/octahedron/catmull.png Graphic file (type png)

<use ./Figure/octahedron/catmull.png>
Package pdftex.def Info: ./Figure/octahedron/catmull.png used on input line 483
.
(pdftex.def)             Requested size: 103.19843pt x 103.19672pt.

<./Figure/octahedron/weight2-.png, id=10, 350.05782pt x 350.05782pt>
File: ./Figure/octahedron/weight2-.png Graphic file (type png)

<use ./Figure/octahedron/weight2-.png>
Package pdftex.def Info: ./Figure/octahedron/weight2-.png used on input line 49
1.
(pdftex.def)             Requested size: 103.19843pt x 103.19672pt.

<./Figure/octahedron/weight2.png, id=11, 350.05782pt x 350.05782pt>
File: ./Figure/octahedron/weight2.png Graphic file (type png)

<use ./Figure/octahedron/weight2.png>
Package pdftex.def Info: ./Figure/octahedron/weight2.png used on input line 491
.
(pdftex.def)             Requested size: 103.19843pt x 103.19672pt.
 [1{C:/ProgramData/MiKTeX/2.9/pdftex/config/pdftex.map}


]
<./Figure/ImbalancedKeypointsDetection.png, id=24, 1505.625pt x 675.52374pt>
File: ./Figure/ImbalancedKeypointsDetection.png Graphic file (type png)

<use ./Figure/ImbalancedKeypointsDetection.png>
Package pdftex.def Info: ./Figure/ImbalancedKeypointsDetection.png used on inpu
t line 526.
(pdftex.def)             Requested size: 252.0pt x 113.06459pt.
 [2 <./Figure/octahedron/original-.png> <./Figure/octahedron/original.png> <./F
igure/octahedron/butterfly-.png> <./Figure/octahedron/butterfly.png> <./Figure/
octahedron/loop-.png> <./Figure/octahedron/loop.png> <./Figure/octahedron/catmu
ll-.png> <./Figure/octahedron/catmull.png> <./Figure/octahedron/weight2-.png> <
./Figure/octahedron/weight2.png> <./Figure/ImbalancedKeypointsDetection.png>]
<./Figure/keypoint/front.png, id=42, 350.05782pt x 350.05782pt>
File: ./Figure/keypoint/front.png Graphic file (type png)

<use ./Figure/keypoint/front.png>
Package pdftex.def Info: ./Figure/keypoint/front.png used on input line 561.
(pdftex.def)             Requested size: 120.95892pt x 120.95702pt.

<./Figure/keypoint/front-.png, id=43, 350.05782pt x 350.05782pt>
File: ./Figure/keypoint/front-.png Graphic file (type png)

<use ./Figure/keypoint/front-.png>
Package pdftex.def Info: ./Figure/keypoint/front-.png used on input line 565.
(pdftex.def)             Requested size: 120.95892pt x 120.95702pt.

<./Figure/LinearSubdivision.png, id=44, 1505.625pt x 675.52374pt>
File: ./Figure/LinearSubdivision.png Graphic file (type png)

<use ./Figure/LinearSubdivision.png>
Package pdftex.def Info: ./Figure/LinearSubdivision.png used on input line 578.

(pdftex.def)             Requested size: 189.0pt x 84.79071pt.

<./Figure/OneRingVerticesDerivative.png, id=45, 1505.625pt x 675.52374pt>
File: ./Figure/OneRingVerticesDerivative.png Graphic file (type png)

<use ./Figure/OneRingVerticesDerivative.png>
Package pdftex.def Info: ./Figure/OneRingVerticesDerivative.png used on input l
ine 604.
(pdftex.def)             Requested size: 226.79846pt x 101.75711pt.

<./Figure/WeightedCentroid.png, id=46, 1505.625pt x 675.52374pt>
File: ./Figure/WeightedCentroid.png Graphic file (type png)

<use ./Figure/WeightedCentroid.png>
Package pdftex.def Info: ./Figure/WeightedCentroid.png used on input line 611.
(pdftex.def)             Requested size: 226.79846pt x 101.75711pt.

<./Figure/EdgePointGenerator.png, id=47, 2383.90625pt x 639.38875pt>
File: ./Figure/EdgePointGenerator.png Graphic file (type png)

<use ./Figure/EdgePointGenerator.png>
Package pdftex.def Info: ./Figure/EdgePointGenerator.png used on input line 625
.
(pdftex.def)             Requested size: 464.39685pt x 124.54858pt.

Underfull \hbox (badness 10000) in paragraph at lines 632--635

 []

LaTeX Font Info:    Try loading font information for OMS+ptm on input line 639.

("C:\Program Files\MiKTeX 2.9\tex\latex\psnfss\omsptm.fd"
File: omsptm.fd 
)
LaTeX Font Info:    Font shape `OMS/ptm/m/n' in size <10> not available
(Font)              Font shape `OMS/cmsy/m/n' tried instead on input line 639.

<./Figure/tetrahedron/Noise.png, id=48, 350.05782pt x 350.05782pt>
File: ./Figure/tetrahedron/Noise.png Graphic file (type png)

<use ./Figure/tetrahedron/Noise.png>
Package pdftex.def Info: ./Figure/tetrahedron/Noise.png used on input line 664.

(pdftex.def)             Requested size: 120.95892pt x 120.95702pt.

<./Figure/tetrahedron/Noise-removed.png, id=49, 350.05782pt x 350.05782pt>
File: ./Figure/tetrahedron/Noise-removed.png Graphic file (type png)

<use ./Figure/tetrahedron/Noise-removed.png>
Package pdftex.def Info: ./Figure/tetrahedron/Noise-removed.png used on input l
ine 671.
(pdftex.def)             Requested size: 120.95892pt x 120.95702pt.
 [3 <./Figure/keypoint/front.png> <./Figure/keypoint/front-.png> <./Figure/Line
arSubdivision.png> <./Figure/OneRingVerticesDerivative.png> <./Figure/WeightedC
entroid.png>]
<./Figure/footbones/fingerBones/butterfly1.png, id=56, 350.05782pt x 371.13657p
t>
File: ./Figure/footbones/fingerBones/butterfly1.png Graphic file (type png)
 <use ./Figure/footbones/fingerBones/butterfly1.png>
Package pdftex.def Info: ./Figure/footbones/fingerBones/butterfly1.png used on 
input line 734.
(pdftex.def)             Requested size: 82.56189pt x 87.52856pt.

<./Figure/footbones/fingerBones/butterfly2.png, id=57, 350.05782pt x 371.13657p
t>
File: ./Figure/footbones/fingerBones/butterfly2.png Graphic file (type png)
 <use ./Figure/footbones/fingerBones/butterfly2.png>
Package pdftex.def Info: ./Figure/footbones/fingerBones/butterfly2.png used on 
input line 734.
(pdftex.def)             Requested size: 82.56189pt x 87.52856pt.

<./Figure/footbones/fingerBones/butterfly3.png, id=58, 350.05782pt x 371.13657p
t>
File: ./Figure/footbones/fingerBones/butterfly3.png Graphic file (type png)
 <use ./Figure/footbones/fingerBones/butterfly3.png>
Package pdftex.def Info: ./Figure/footbones/fingerBones/butterfly3.png used on 
input line 734.
(pdftex.def)             Requested size: 82.56189pt x 87.52856pt.

<./Figure/footbones/fingerBones/butterfly1-.png, id=59, 350.05782pt x 371.13657
pt>
File: ./Figure/footbones/fingerBones/butterfly1-.png Graphic file (type png)
 <use ./Figure/footbones/fingerBones/butterfly1-.png>
Package pdftex.def Info: ./Figure/footbones/fingerBones/butterfly1-.png used on
 input line 734.
(pdftex.def)             Requested size: 82.56189pt x 87.52856pt.

<./Figure/footbones/fingerBones/butterfly2-.png, id=60, 350.05782pt x 371.13657
pt>
File: ./Figure/footbones/fingerBones/butterfly2-.png Graphic file (type png)
 <use ./Figure/footbones/fingerBones/butterfly2-.png>
Package pdftex.def Info: ./Figure/footbones/fingerBones/butterfly2-.png used on
 input line 734.
(pdftex.def)             Requested size: 82.56189pt x 87.52856pt.

<./Figure/footbones/fingerBones/butterfly3-.png, id=61, 350.05782pt x 371.13657
pt>
File: ./Figure/footbones/fingerBones/butterfly3-.png Graphic file (type png)
 <use ./Figure/footbones/fingerBones/butterfly3-.png>
Package pdftex.def Info: ./Figure/footbones/fingerBones/butterfly3-.png used on
 input line 734.
(pdftex.def)             Requested size: 82.56189pt x 87.52856pt.

<./Figure/footbones/fingerBones/catmull1.png, id=62, 350.05782pt x 371.13657pt>
File: ./Figure/footbones/fingerBones/catmull1.png Graphic file (type png)
<use ./Figure/footbones/fingerBones/catmull1.png>
Package pdftex.def Info: ./Figure/footbones/fingerBones/catmull1.png used on in
put line 749.
(pdftex.def)             Requested size: 82.56189pt x 87.52856pt.

<./Figure/footbones/fingerBones/catmull2.png, id=63, 350.05782pt x 371.13657pt>
File: ./Figure/footbones/fingerBones/catmull2.png Graphic file (type png)
<use ./Figure/footbones/fingerBones/catmull2.png>
Package pdftex.def Info: ./Figure/footbones/fingerBones/catmull2.png used on in
put line 749.
(pdftex.def)             Requested size: 82.56189pt x 87.52856pt.

<./Figure/footbones/fingerBones/catmull3.png, id=64, 350.05782pt x 371.13657pt>
File: ./Figure/footbones/fingerBones/catmull3.png Graphic file (type png)
<use ./Figure/footbones/fingerBones/catmull3.png>
Package pdftex.def Info: ./Figure/footbones/fingerBones/catmull3.png used on in
put line 749.
(pdftex.def)             Requested size: 82.56189pt x 87.52856pt.

<./Figure/footbones/fingerBones/catmull1-.png, id=65, 350.05782pt x 371.13657pt
>
File: ./Figure/footbones/fingerBones/catmull1-.png Graphic file (type png)
 <use ./Figure/footbones/fingerBones/catmull1-.png>
Package pdftex.def Info: ./Figure/footbones/fingerBones/catmull1-.png used on i
nput line 749.
(pdftex.def)             Requested size: 82.56189pt x 87.52856pt.

<./Figure/footbones/fingerBones/catmull2-.png, id=66, 350.05782pt x 371.13657pt
>
File: ./Figure/footbones/fingerBones/catmull2-.png Graphic file (type png)
 <use ./Figure/footbones/fingerBones/catmull2-.png>
Package pdftex.def Info: ./Figure/footbones/fingerBones/catmull2-.png used on i
nput line 749.
(pdftex.def)             Requested size: 82.56189pt x 87.52856pt.

<./Figure/footbones/fingerBones/catmull3-.png, id=67, 350.05782pt x 371.13657pt
>
File: ./Figure/footbones/fingerBones/catmull3-.png Graphic file (type png)
 <use ./Figure/footbones/fingerBones/catmull3-.png>
Package pdftex.def Info: ./Figure/footbones/fingerBones/catmull3-.png used on i
nput line 749.
(pdftex.def)             Requested size: 82.56189pt x 87.52856pt.

<./Figure/footbones/fingerBones/loop1.png, id=68, 350.05782pt x 371.13657pt>
File: ./Figure/footbones/fingerBones/loop1.png Graphic file (type png)

<use ./Figure/footbones/fingerBones/loop1.png>
Package pdftex.def Info: ./Figure/footbones/fingerBones/loop1.png used on input
 line 764.
(pdftex.def)             Requested size: 82.56189pt x 87.52856pt.

<./Figure/footbones/fingerBones/loop2.png, id=69, 350.05782pt x 371.13657pt>
File: ./Figure/footbones/fingerBones/loop2.png Graphic file (type png)

<use ./Figure/footbones/fingerBones/loop2.png>
Package pdftex.def Info: ./Figure/footbones/fingerBones/loop2.png used on input
 line 764.
(pdftex.def)             Requested size: 82.56189pt x 87.52856pt.

<./Figure/footbones/fingerBones/loop3.png, id=70, 350.05782pt x 371.13657pt>
File: ./Figure/footbones/fingerBones/loop3.png Graphic file (type png)

<use ./Figure/footbones/fingerBones/loop3.png>
Package pdftex.def Info: ./Figure/footbones/fingerBones/loop3.png used on input
 line 764.
(pdftex.def)             Requested size: 82.56189pt x 87.52856pt.

<./Figure/footbones/fingerBones/loop1-.png, id=71, 350.05782pt x 371.13657pt>
File: ./Figure/footbones/fingerBones/loop1-.png Graphic file (type png)

<use ./Figure/footbones/fingerBones/loop1-.png>
Package pdftex.def Info: ./Figure/footbones/fingerBones/loop1-.png used on inpu
t line 764.
(pdftex.def)             Requested size: 82.56189pt x 87.52856pt.

<./Figure/footbones/fingerBones/loop2-.png, id=72, 350.05782pt x 371.13657pt>
File: ./Figure/footbones/fingerBones/loop2-.png Graphic file (type png)

<use ./Figure/footbones/fingerBones/loop2-.png>
Package pdftex.def Info: ./Figure/footbones/fingerBones/loop2-.png used on inpu
t line 764.
(pdftex.def)             Requested size: 82.56189pt x 87.52856pt.

<./Figure/footbones/fingerBones/loop3-.png, id=73, 350.05782pt x 371.13657pt>
File: ./Figure/footbones/fingerBones/loop3-.png Graphic file (type png)

<use ./Figure/footbones/fingerBones/loop3-.png>
Package pdftex.def Info: ./Figure/footbones/fingerBones/loop3-.png used on inpu
t line 764.
(pdftex.def)             Requested size: 82.56189pt x 87.52856pt.

<./Figure/footbones/fingerBones/weight21.png, id=74, 350.05782pt x 371.13657pt>
File: ./Figure/footbones/fingerBones/weight21.png Graphic file (type png)
<use ./Figure/footbones/fingerBones/weight21.png>
Package pdftex.def Info: ./Figure/footbones/fingerBones/weight21.png used on in
put line 779.
(pdftex.def)             Requested size: 82.56189pt x 87.52856pt.

<./Figure/footbones/fingerBones/weight22.png, id=75, 350.05782pt x 371.13657pt>
File: ./Figure/footbones/fingerBones/weight22.png Graphic file (type png)
<use ./Figure/footbones/fingerBones/weight22.png>
Package pdftex.def Info: ./Figure/footbones/fingerBones/weight22.png used on in
put line 779.
(pdftex.def)             Requested size: 82.56189pt x 87.52856pt.

<./Figure/footbones/fingerBones/weight23.png, id=76, 350.05782pt x 371.13657pt>
File: ./Figure/footbones/fingerBones/weight23.png Graphic file (type png)
<use ./Figure/footbones/fingerBones/weight23.png>
Package pdftex.def Info: ./Figure/footbones/fingerBones/weight23.png used on in
put line 779.
(pdftex.def)             Requested size: 82.56189pt x 87.52856pt.

<./Figure/footbones/fingerBones/weight21-.png, id=77, 350.05782pt x 371.13657pt
>
File: ./Figure/footbones/fingerBones/weight21-.png Graphic file (type png)
 <use ./Figure/footbones/fingerBones/weight21-.png>
Package pdftex.def Info: ./Figure/footbones/fingerBones/weight21-.png used on i
nput line 779.
(pdftex.def)             Requested size: 82.56189pt x 87.52856pt.

<./Figure/footbones/fingerBones/weight22-.png, id=78, 350.05782pt x 371.13657pt
>
File: ./Figure/footbones/fingerBones/weight22-.png Graphic file (type png)
 <use ./Figure/footbones/fingerBones/weight22-.png>
Package pdftex.def Info: ./Figure/footbones/fingerBones/weight22-.png used on i
nput line 779.
(pdftex.def)             Requested size: 82.56189pt x 87.52856pt.

<./Figure/footbones/fingerBones/weight23-.png, id=79, 350.05782pt x 371.13657pt
>
File: ./Figure/footbones/fingerBones/weight23-.png Graphic file (type png)
 <use ./Figure/footbones/fingerBones/weight23-.png>
Package pdftex.def Info: ./Figure/footbones/fingerBones/weight23-.png used on i
nput line 779.
(pdftex.def)             Requested size: 82.56189pt x 87.52856pt.

<./Figure/footbones/fingerBones/combined1.png, id=80, 350.05782pt x 371.13657pt
>
File: ./Figure/footbones/fingerBones/combined1.png Graphic file (type png)
 <use ./Figure/footbones/fingerBones/combined1.png>
Package pdftex.def Info: ./Figure/footbones/fingerBones/combined1.png used on i
nput line 794.
(pdftex.def)             Requested size: 82.56189pt x 87.52856pt.

<./Figure/footbones/fingerBones/combined2.png, id=81, 350.05782pt x 371.13657pt
>
File: ./Figure/footbones/fingerBones/combined2.png Graphic file (type png)
 <use ./Figure/footbones/fingerBones/combined2.png>
Package pdftex.def Info: ./Figure/footbones/fingerBones/combined2.png used on i
nput line 794.
(pdftex.def)             Requested size: 82.56189pt x 87.52856pt.

<./Figure/footbones/fingerBones/combined3.png, id=82, 350.05782pt x 371.13657pt
>
File: ./Figure/footbones/fingerBones/combined3.png Graphic file (type png)
 <use ./Figure/footbones/fingerBones/combined3.png>
Package pdftex.def Info: ./Figure/footbones/fingerBones/combined3.png used on i
nput line 794.
(pdftex.def)             Requested size: 82.56189pt x 87.52856pt.

<./Figure/footbones/fingerBones/combined1-.png, id=83, 350.05782pt x 371.13657p
t>
File: ./Figure/footbones/fingerBones/combined1-.png Graphic file (type png)
 <use ./Figure/footbones/fingerBones/combined1-.png>
Package pdftex.def Info: ./Figure/footbones/fingerBones/combined1-.png used on 
input line 794.
(pdftex.def)             Requested size: 82.56189pt x 87.52856pt.

<./Figure/footbones/fingerBones/combined2-.png, id=84, 350.05782pt x 371.13657p
t>
File: ./Figure/footbones/fingerBones/combined2-.png Graphic file (type png)
 <use ./Figure/footbones/fingerBones/combined2-.png>
Package pdftex.def Info: ./Figure/footbones/fingerBones/combined2-.png used on 
input line 794.
(pdftex.def)             Requested size: 82.56189pt x 87.52856pt.

<./Figure/footbones/fingerBones/combined3-.png, id=85, 350.05782pt x 371.13657p
t>
File: ./Figure/footbones/fingerBones/combined3-.png Graphic file (type png)
 <use ./Figure/footbones/fingerBones/combined3-.png>
Package pdftex.def Info: ./Figure/footbones/fingerBones/combined3-.png used on 
input line 794.
(pdftex.def)             Requested size: 82.56189pt x 87.52856pt.

<./Figure/footbones/fingerBones/kpw1.png, id=86, 350.05782pt x 371.13657pt>
File: ./Figure/footbones/fingerBones/kpw1.png Graphic file (type png)

<use ./Figure/footbones/fingerBones/kpw1.png>
Package pdftex.def Info: ./Figure/footbones/fingerBones/kpw1.png used on input 
line 809.
(pdftex.def)             Requested size: 82.56189pt x 87.52856pt.

<./Figure/footbones/fingerBones/kpw2.png, id=87, 350.05782pt x 371.13657pt>
File: ./Figure/footbones/fingerBones/kpw2.png Graphic file (type png)

<use ./Figure/footbones/fingerBones/kpw2.png>
Package pdftex.def Info: ./Figure/footbones/fingerBones/kpw2.png used on input 
line 809.
(pdftex.def)             Requested size: 82.56189pt x 87.52856pt.

<./Figure/footbones/fingerBones/kpw3.png, id=88, 350.05782pt x 371.13657pt>
File: ./Figure/footbones/fingerBones/kpw3.png Graphic file (type png)

<use ./Figure/footbones/fingerBones/kpw3.png>
Package pdftex.def Info: ./Figure/footbones/fingerBones/kpw3.png used on input 
line 809.
(pdftex.def)             Requested size: 82.56189pt x 87.52856pt.

<./Figure/footbones/fingerBones/kpw1-.png, id=89, 350.05782pt x 371.13657pt>
File: ./Figure/footbones/fingerBones/kpw1-.png Graphic file (type png)

<use ./Figure/footbones/fingerBones/kpw1-.png>
Package pdftex.def Info: ./Figure/footbones/fingerBones/kpw1-.png used on input
 line 809.
(pdftex.def)             Requested size: 82.56189pt x 87.52856pt.

<./Figure/footbones/fingerBones/kpw2-.png, id=90, 350.05782pt x 371.13657pt>
File: ./Figure/footbones/fingerBones/kpw2-.png Graphic file (type png)

<use ./Figure/footbones/fingerBones/kpw2-.png>
Package pdftex.def Info: ./Figure/footbones/fingerBones/kpw2-.png used on input
 line 809.
(pdftex.def)             Requested size: 82.56189pt x 87.52856pt.

<./Figure/footbones/fingerBones/kpw3-.png, id=91, 350.05782pt x 371.13657pt>
File: ./Figure/footbones/fingerBones/kpw3-.png Graphic file (type png)

<use ./Figure/footbones/fingerBones/kpw3-.png>
Package pdftex.def Info: ./Figure/footbones/fingerBones/kpw3-.png used on input
 line 809.
(pdftex.def)             Requested size: 82.56189pt x 87.52856pt.

<./Figure/footbones/middle/butterfly1.png, id=92, 350.05782pt x 350.05782pt>
File: ./Figure/footbones/middle/butterfly1.png Graphic file (type png)

<use ./Figure/footbones/middle/butterfly1.png>
Package pdftex.def Info: ./Figure/footbones/middle/butterfly1.png used on input
 line 827.
(pdftex.def)             Requested size: 82.56189pt x 82.55737pt.

<./Figure/footbones/middle/butterfly2.png, id=93, 350.05782pt x 350.05782pt>
File: ./Figure/footbones/middle/butterfly2.png Graphic file (type png)

<use ./Figure/footbones/middle/butterfly2.png>
Package pdftex.def Info: ./Figure/footbones/middle/butterfly2.png used on input
 line 827.
(pdftex.def)             Requested size: 82.56189pt x 82.55737pt.

<./Figure/footbones/middle/butterfly3.png, id=94, 350.05782pt x 350.05782pt>
File: ./Figure/footbones/middle/butterfly3.png Graphic file (type png)

<use ./Figure/footbones/middle/butterfly3.png>
Package pdftex.def Info: ./Figure/footbones/middle/butterfly3.png used on input
 line 827.
(pdftex.def)             Requested size: 82.56189pt x 82.55737pt.

<./Figure/footbones/middle/catmull1.png, id=95, 350.05782pt x 350.05782pt>
File: ./Figure/footbones/middle/catmull1.png Graphic file (type png)

<use ./Figure/footbones/middle/catmull1.png>
Package pdftex.def Info: ./Figure/footbones/middle/catmull1.png used on input l
ine 836.
(pdftex.def)             Requested size: 82.56189pt x 82.55737pt.

<./Figure/footbones/middle/catmull2.png, id=96, 350.05782pt x 350.05782pt>
File: ./Figure/footbones/middle/catmull2.png Graphic file (type png)

<use ./Figure/footbones/middle/catmull2.png>
Package pdftex.def Info: ./Figure/footbones/middle/catmull2.png used on input l
ine 836.
(pdftex.def)             Requested size: 82.56189pt x 82.55737pt.

<./Figure/footbones/middle/catmull3.png, id=97, 350.05782pt x 350.05782pt>
File: ./Figure/footbones/middle/catmull3.png Graphic file (type png)

<use ./Figure/footbones/middle/catmull3.png>
Package pdftex.def Info: ./Figure/footbones/middle/catmull3.png used on input l
ine 836.
(pdftex.def)             Requested size: 82.56189pt x 82.55737pt.

<./Figure/footbones/middle/loop1.png, id=98, 350.05782pt x 350.05782pt>
File: ./Figure/footbones/middle/loop1.png Graphic file (type png)

<use ./Figure/footbones/middle/loop1.png>
Package pdftex.def Info: ./Figure/footbones/middle/loop1.png used on input line
 845.
(pdftex.def)             Requested size: 82.56189pt x 82.55737pt.

<./Figure/footbones/middle/loop2.png, id=99, 350.05782pt x 350.05782pt>
File: ./Figure/footbones/middle/loop2.png Graphic file (type png)

<use ./Figure/footbones/middle/loop2.png>
Package pdftex.def Info: ./Figure/footbones/middle/loop2.png used on input line
 845.
(pdftex.def)             Requested size: 82.56189pt x 82.55737pt.

<./Figure/footbones/middle/loop3.png, id=100, 350.05782pt x 350.05782pt>
File: ./Figure/footbones/middle/loop3.png Graphic file (type png)

<use ./Figure/footbones/middle/loop3.png>
Package pdftex.def Info: ./Figure/footbones/middle/loop3.png used on input line
 845.
(pdftex.def)             Requested size: 82.56189pt x 82.55737pt.

<./Figure/footbones/middle/weight21.png, id=101, 350.05782pt x 350.05782pt>
File: ./Figure/footbones/middle/weight21.png Graphic file (type png)

<use ./Figure/footbones/middle/weight21.png>
Package pdftex.def Info: ./Figure/footbones/middle/weight21.png used on input l
ine 854.
(pdftex.def)             Requested size: 82.56189pt x 82.55737pt.

<./Figure/footbones/middle/weight22.png, id=102, 350.05782pt x 350.05782pt>
File: ./Figure/footbones/middle/weight22.png Graphic file (type png)

<use ./Figure/footbones/middle/weight22.png>
Package pdftex.def Info: ./Figure/footbones/middle/weight22.png used on input l
ine 854.
(pdftex.def)             Requested size: 82.56189pt x 82.55737pt.

<./Figure/footbones/middle/weight23.png, id=103, 350.05782pt x 350.05782pt>
File: ./Figure/footbones/middle/weight23.png Graphic file (type png)

<use ./Figure/footbones/middle/weight23.png>
Package pdftex.def Info: ./Figure/footbones/middle/weight23.png used on input l
ine 854.
(pdftex.def)             Requested size: 82.56189pt x 82.55737pt.

<./Figure/footbones/middle/combined1.png, id=104, 350.05782pt x 350.05782pt>
File: ./Figure/footbones/middle/combined1.png Graphic file (type png)

<use ./Figure/footbones/middle/combined1.png>
Package pdftex.def Info: ./Figure/footbones/middle/combined1.png used on input 
line 863.
(pdftex.def)             Requested size: 82.56189pt x 82.55737pt.

<./Figure/footbones/middle/combined2.png, id=105, 350.05782pt x 350.05782pt>
File: ./Figure/footbones/middle/combined2.png Graphic file (type png)

<use ./Figure/footbones/middle/combined2.png>
Package pdftex.def Info: ./Figure/footbones/middle/combined2.png used on input 
line 863.
(pdftex.def)             Requested size: 82.56189pt x 82.55737pt.

<./Figure/footbones/middle/combined3.png, id=106, 350.05782pt x 350.05782pt>
File: ./Figure/footbones/middle/combined3.png Graphic file (type png)

<use ./Figure/footbones/middle/combined3.png>
Package pdftex.def Info: ./Figure/footbones/middle/combined3.png used on input 
line 863.
(pdftex.def)             Requested size: 82.56189pt x 82.55737pt.

<./Figure/footbones/middle/kpw1.png, id=107, 350.05782pt x 350.05782pt>
File: ./Figure/footbones/middle/kpw1.png Graphic file (type png)

<use ./Figure/footbones/middle/kpw1.png>
Package pdftex.def Info: ./Figure/footbones/middle/kpw1.png used on input line 
872.
(pdftex.def)             Requested size: 82.56189pt x 82.55737pt.

<./Figure/footbones/middle/kpw2.png, id=108, 350.05782pt x 350.05782pt>
File: ./Figure/footbones/middle/kpw2.png Graphic file (type png)

<use ./Figure/footbones/middle/kpw2.png>
Package pdftex.def Info: ./Figure/footbones/middle/kpw2.png used on input line 
872.
(pdftex.def)             Requested size: 82.56189pt x 82.55737pt.

<./Figure/footbones/middle/kpw3.png, id=109, 350.05782pt x 350.05782pt>
File: ./Figure/footbones/middle/kpw3.png Graphic file (type png)

<use ./Figure/footbones/middle/kpw3.png>
Package pdftex.def Info: ./Figure/footbones/middle/kpw3.png used on input line 
872.
(pdftex.def)             Requested size: 82.56189pt x 82.55737pt.

<./Figure/footbones/end/butterfly1.png, id=110, 466.74374pt x 466.74374pt>
File: ./Figure/footbones/end/butterfly1.png Graphic file (type png)

<use ./Figure/footbones/end/butterfly1.png>
Package pdftex.def Info: ./Figure/footbones/end/butterfly1.png used on input li
ne 888.
(pdftex.def)             Requested size: 82.56189pt x 82.55737pt.

<./Figure/footbones/end/butterfly2.png, id=111, 466.74374pt x 466.74374pt>
File: ./Figure/footbones/end/butterfly2.png Graphic file (type png)

<use ./Figure/footbones/end/butterfly2.png>
Package pdftex.def Info: ./Figure/footbones/end/butterfly2.png used on input li
ne 888.
(pdftex.def)             Requested size: 82.56189pt x 82.55737pt.

<./Figure/footbones/end/butterfly3.png, id=112, 466.74374pt x 466.74374pt>
File: ./Figure/footbones/end/butterfly3.png Graphic file (type png)

<use ./Figure/footbones/end/butterfly3.png>
Package pdftex.def Info: ./Figure/footbones/end/butterfly3.png used on input li
ne 888.
(pdftex.def)             Requested size: 82.56189pt x 82.55737pt.

<./Figure/footbones/end/catmull1.png, id=113, 466.74374pt x 466.74374pt>
File: ./Figure/footbones/end/catmull1.png Graphic file (type png)

<use ./Figure/footbones/end/catmull1.png>
Package pdftex.def Info: ./Figure/footbones/end/catmull1.png used on input line
 897.
(pdftex.def)             Requested size: 82.56189pt x 82.55737pt.

<./Figure/footbones/end/catmull2.png, id=114, 466.74374pt x 466.74374pt>
File: ./Figure/footbones/end/catmull2.png Graphic file (type png)

<use ./Figure/footbones/end/catmull2.png>
Package pdftex.def Info: ./Figure/footbones/end/catmull2.png used on input line
 897.
(pdftex.def)             Requested size: 82.56189pt x 82.55737pt.

<./Figure/footbones/end/catmull3.png, id=115, 466.74374pt x 466.74374pt>
File: ./Figure/footbones/end/catmull3.png Graphic file (type png)

<use ./Figure/footbones/end/catmull3.png>
Package pdftex.def Info: ./Figure/footbones/end/catmull3.png used on input line
 897.
(pdftex.def)             Requested size: 82.56189pt x 82.55737pt.

<./Figure/footbones/end/loop1.png, id=116, 466.74374pt x 466.74374pt>
File: ./Figure/footbones/end/loop1.png Graphic file (type png)

<use ./Figure/footbones/end/loop1.png>
Package pdftex.def Info: ./Figure/footbones/end/loop1.png used on input line 90
6.
(pdftex.def)             Requested size: 82.56189pt x 82.55737pt.

<./Figure/footbones/end/loop2.png, id=117, 466.74374pt x 466.74374pt>
File: ./Figure/footbones/end/loop2.png Graphic file (type png)

<use ./Figure/footbones/end/loop2.png>
Package pdftex.def Info: ./Figure/footbones/end/loop2.png used on input line 90
6.
(pdftex.def)             Requested size: 82.56189pt x 82.55737pt.

<./Figure/footbones/end/loop3.png, id=118, 466.74374pt x 466.74374pt>
File: ./Figure/footbones/end/loop3.png Graphic file (type png)

<use ./Figure/footbones/end/loop3.png>
Package pdftex.def Info: ./Figure/footbones/end/loop3.png used on input line 90
6.
(pdftex.def)             Requested size: 82.56189pt x 82.55737pt.

<./Figure/footbones/end/weight21.png, id=119, 466.74374pt x 466.74374pt>
File: ./Figure/footbones/end/weight21.png Graphic file (type png)

<use ./Figure/footbones/end/weight21.png>
Package pdftex.def Info: ./Figure/footbones/end/weight21.png used on input line
 915.
(pdftex.def)             Requested size: 82.56189pt x 82.55737pt.

<./Figure/footbones/end/weight22.png, id=120, 466.74374pt x 466.74374pt>
File: ./Figure/footbones/end/weight22.png Graphic file (type png)

<use ./Figure/footbones/end/weight22.png>
Package pdftex.def Info: ./Figure/footbones/end/weight22.png used on input line
 915.
(pdftex.def)             Requested size: 82.56189pt x 82.55737pt.

<./Figure/footbones/end/weight23.png, id=121, 466.74374pt x 466.74374pt>
File: ./Figure/footbones/end/weight23.png Graphic file (type png)

<use ./Figure/footbones/end/weight23.png>
Package pdftex.def Info: ./Figure/footbones/end/weight23.png used on input line
 915.
(pdftex.def)             Requested size: 82.56189pt x 82.55737pt.

<./Figure/footbones/end/combined1.png, id=122, 466.74374pt x 466.74374pt>
File: ./Figure/footbones/end/combined1.png Graphic file (type png)

<use ./Figure/footbones/end/combined1.png>
Package pdftex.def Info: ./Figure/footbones/end/combined1.png used on input lin
e 924.
(pdftex.def)             Requested size: 82.56189pt x 82.55737pt.

<./Figure/footbones/end/combined2.png, id=123, 466.74374pt x 466.74374pt>
File: ./Figure/footbones/end/combined2.png Graphic file (type png)

<use ./Figure/footbones/end/combined2.png>
Package pdftex.def Info: ./Figure/footbones/end/combined2.png used on input lin
e 924.
(pdftex.def)             Requested size: 82.56189pt x 82.55737pt.

<./Figure/footbones/end/combined3.png, id=124, 466.74374pt x 466.74374pt>
File: ./Figure/footbones/end/combined3.png Graphic file (type png)

<use ./Figure/footbones/end/combined3.png>
Package pdftex.def Info: ./Figure/footbones/end/combined3.png used on input lin
e 924.
(pdftex.def)             Requested size: 82.56189pt x 82.55737pt.

<./Figure/footbones/end/kpw1.png, id=125, 466.74374pt x 466.74374pt>
File: ./Figure/footbones/end/kpw1.png Graphic file (type png)

<use ./Figure/footbones/end/kpw1.png>
Package pdftex.def Info: ./Figure/footbones/end/kpw1.png used on input line 933
.
(pdftex.def)             Requested size: 82.56189pt x 82.55737pt.

<./Figure/footbones/end/kpw2.png, id=126, 466.74374pt x 466.74374pt>
File: ./Figure/footbones/end/kpw2.png Graphic file (type png)

<use ./Figure/footbones/end/kpw2.png>
Package pdftex.def Info: ./Figure/footbones/end/kpw2.png used on input line 933
.
(pdftex.def)             Requested size: 82.56189pt x 82.55737pt.

<./Figure/footbones/end/kpw3.png, id=127, 466.74374pt x 466.74374pt>
File: ./Figure/footbones/end/kpw3.png Graphic file (type png)

<use ./Figure/footbones/end/kpw3.png>
Package pdftex.def Info: ./Figure/footbones/end/kpw3.png used on input line 933
.
(pdftex.def)             Requested size: 82.56189pt x 82.55737pt.
 [4 <./Figure/EdgePointGenerator.png> <./Figure/tetrahedron/Noise.png> <./Figur
e/tetrahedron/Noise-removed.png>] [5 <./Figure/footbones/fingerBones/butterfly1
.png> <./Figure/footbones/fingerBones/butterfly2.png> <./Figure/footbones/finge
rBones/butterfly3.png> <./Figure/footbones/fingerBones/butterfly1-.png> <./Figu
re/footbones/fingerBones/butterfly2-.png> <./Figure/footbones/fingerBones/butte
rfly3-.png> <./Figure/footbones/fingerBones/catmull1.png> <./Figure/footbones/f
ingerBones/catmull2.png> <./Figure/footbones/fingerBones/catmull3.png> <./Figur
e/footbones/fingerBones/catmull1-.png> <./Figure/footbones/fingerBones/catmull2
-.png> <./Figure/footbones/fingerBones/catmull3-.png> <./Figure/footbones/finge
rBones/loop1.png> <./Figure/footbones/fingerBones/loop2.png> <./Figure/footbone
s/fingerBones/loop3.png> <./Figure/footbones/fingerBones/loop1-.png> <./Figure/
footbones/fingerBones/loop2-.png> <./Figure/footbones/fingerBones/loop3-.png> <
./Figure/footbones/fingerBones/weight21.png> <./Figure/footbones/fingerBones/we
ight22.png> <./Figure/footbones/fingerBones/weight23.png> <./Figure/footbones/f
ingerBones/weight21-.png> <./Figure/footbones/fingerBones/weight22-.png> <./Fig
ure/footbones/fingerBones/weight23-.png> <./Figure/footbones/fingerBones/combin
ed1.png> <./Figure/footbones/fingerBones/combined2.png> <./Figure/footbones/fin
gerBones/combined3.png> <./Figure/footbones/fingerBones/combined1-.png> <./Figu
re/footbones/fingerBones/combined2-.png> <./Figure/footbones/fingerBones/combin
ed3-.png> <./Figure/footbones/fingerBones/kpw1.png> <./Figure/footbones/fingerB
ones/kpw2.png> <./Figure/footbones/fingerBones/kpw3.png> <./Figure/footbones/fi
ngerBones/kpw1-.png> <./Figure/footbones/fingerBones/kpw2-.png> <./Figure/footb
ones/fingerBones/kpw3-.png>] [6 <./Figure/footbones/middle/butterfly1.png> <./F
igure/footbones/middle/butterfly2.png> <./Figure/footbones/middle/butterfly3.pn
g> <./Figure/footbones/middle/catmull1.png> <./Figure/footbones/middle/catmull2
.png> <./Figure/footbones/middle/catmull3.png> <./Figure/footbones/middle/loop1
.png> <./Figure/footbones/middle/loop2.png> <./Figure/footbones/middle/loop3.pn
g> <./Figure/footbones/middle/weight21.png> <./Figure/footbones/middle/weight22
.png> <./Figure/footbones/middle/weight23.png> <./Figure/footbones/middle/combi
ned1.png> <./Figure/footbones/middle/combined2.png> <./Figure/footbones/middle/
combined3.png> <./Figure/footbones/middle/kpw1.png> <./Figure/footbones/middle/
kpw2.png> <./Figure/footbones/middle/kpw3.png> <./Figure/footbones/end/butterfl
y1.png> <./Figure/footbones/end/butterfly2.png> <./Figure/footbones/end/butterf
ly3.png> <./Figure/footbones/end/catmull1.png> <./Figure/footbones/end/catmull2
.png> <./Figure/footbones/end/catmull3.png> <./Figure/footbones/end/loop1.png> 
<./Figure/footbones/end/loop2.png> <./Figure/footbones/end/loop3.png> <./Figure
/footbones/end/weight21.png> <./Figure/footbones/end/weight22.png> <./Figure/fo
otbones/end/weight23.png> <./Figure/footbones/end/combined1.png> <./Figure/foot
bones/end/combined2.png> <./Figure/footbones/end/combined3.png> <./Figure/footb
ones/end/kpw1.png> <./Figure/footbones/end/kpw2.png> <./Figure/footbones/end/kp
w3.png>]
Underfull \hbox (badness 10000) in paragraph at lines 966--969

 []

(bibe_final.bbl [7]
LaTeX Font Info:    External font `cmex10' loaded for size
(Font)              <8> on input line 140.
LaTeX Font Info:    External font `cmex10' loaded for size
(Font)              <6> on input line 140.
)

** Conference Paper **
Before submitting the final camera ready copy, remember to:

 1. Manually equalize the lengths of two columns on the last page
 of your paper;

 2. Ensure that any PostScript and/or PDF output post-processing
 uses only Type 1 fonts and that every step in the generation
 process uses the appropriate paper size.

[8] (bibe_final.aux) ) 
Here is how much of TeX's memory you used:
 5022 strings out of 493323
 89165 string characters out of 3139066
 155671 words of memory out of 3000000
 8447 multiletter control sequences out of 15000+200000
 37989 words of font info for 73 fonts, out of 3000000 for 9000
 1144 hyphenation exceptions out of 8191
 39i,12n,39p,1302b,545s stack positions out of 5000i,500n,10000p,200000b,50000s
{C:/Program Files/MiKTeX 2.9/fonts/enc/dvips/base/8r.enc}
<C:/Program Files/MiKTeX 2.9/fonts/type1/public/amsfonts/cm/cmex10.pfb><C:/Prog
ram Files/MiKTeX 2.9/fonts/type1/public/amsfonts/cm/cmmi10.pfb><C:/Program File
s/MiKTeX 2.9/fonts/type1/public/amsfonts/cm/cmmi5.pfb><C:/Program Files/MiKTeX 
2.9/fonts/type1/public/amsfonts/cm/cmmi7.pfb><C:/Program Files/MiKTeX 2.9/fonts
/type1/public/amsfonts/cm/cmr10.pfb><C:/Program Files/MiKTeX 2.9/fonts/type1/pu
blic/amsfonts/cm/cmr7.pfb><C:/Program Files/MiKTeX 2.9/fonts/type1/public/amsfo
nts/cm/cmr8.pfb><C:/Program Files/MiKTeX 2.9/fonts/type1/public/amsfonts/cm/cms
y10.pfb><C:/Program Files/MiKTeX 2.9/fonts/type1/public/amsfonts/cm/cmsy7.pfb><
C:/Program Files/MiKTeX 2.9/fonts/type1/public/amsfonts/cm/cmsy8.pfb><C:/Progra
m Files/MiKTeX 2.9/fonts/type1/urw/times/utmb8a.pfb><C:/Program Files/MiKTeX 2.
9/fonts/type1/urw/times/utmbi8a.pfb><C:/Program Files/MiKTeX 2.9/fonts/type1/ur
w/times/utmr8a.pfb><C:/Program Files/MiKTeX 2.9/fonts/type1/urw/times/utmri8a.p
fb>
Output written on bibe_final.pdf (8 pages, 7485288 bytes).
PDF statistics:
 246 PDF objects out of 1000 (max. 8388607)
 0 named destinations out of 1000 (max. 500000)
 456 words of extra memory for PDF output out of 10000 (max. 10000000)

